#
# There is insufficient memory for the Java Runtime Environment to continue.
# Native memory allocation (mmap) failed to map 134217728 bytes for Failed to commit area from 0x0000000081c00000 to 0x0000000089c00000 of length 134217728.
# Possible reasons:
#   The system is out of physical RAM or swap space
#   The process is running with CompressedOops enabled, and the Java Heap may be blocking the growth of the native heap
# Possible solutions:
#   Reduce memory load on the system
#   Increase physical memory or swap space
#   Check if swap backing store is full
#   Decrease Java heap size (-Xmx/-Xms)
#   Decrease number of Java threads
#   Decrease Java thread stack sizes (-Xss)
#   Set larger code cache with -XX:ReservedCodeCacheSize=
# This output file may be truncated or incomplete.
#
#  Out of Memory Error (./src/hotspot/os/windows/os_windows.cpp:3301), pid=14472, tid=14232
#
# JRE version:  (11.0.11+9) (build )
# Java VM: OpenJDK 64-Bit Server VM (11.0.11+9-b60-7590822, mixed mode, sharing, tiered, compressed oops, g1 gc, windows-amd64)
# No core dump will be written. Minidumps are not enabled by default on client versions of Windows
#

---------------  S U M M A R Y ------------

Command Line: org.jetbrains.git4idea.http.GitAskPassApp Username for 'https://github.com': 

Host: Intel(R) Core(TM) i5-7200U CPU @ 2.50GHz, 4 cores, 7G,  Windows 10 , 64 bit Build 19041 (10.0.19041.1706)
Time: Sun May 22 17:48:08 2022 Central European Daylight Time elapsed time: 0.032956 seconds (0d 0h 0m 0s)

---------------  T H R E A D  ---------------

Current thread (0x0000015b0001e000):  JavaThread "Unknown thread" [_thread_in_vm, id=14232, stack(0x0000002b85800000,0x0000002b85900000)]

Stack: [0x0000002b85800000,0x0000002b85900000]
Native frames: (J=compiled Java code, j=interpreted, Vv=VM code, C=native code)
V  [jvm.dll+0x5f214a]
V  [jvm.dll+0x726fb5]
V  [jvm.dll+0x7285cd]
V  [jvm.dll+0x728c83]
V  [jvm.dll+0x243278]
V  [jvm.dll+0x5ef544]
V  [jvm.dll+0x5e4495]
V  [jvm.dll+0x2fec5b]
V  [jvm.dll+0x2febca]
V  [jvm.dll+0x2feaa2]
V  [jvm.dll+0x303986]
V  [jvm.dll+0x34c3a3]
V  [jvm.dll+0x34caa6]
V  [jvm.dll+0x34c4a3]
V  [jvm.dll+0x2d9688]
V  [jvm.dll+0x2da837]
V  [jvm.dll+0x705ba7]
V  [jvm.dll+0x70739c]
V  [jvm.dll+0x3598f9]
V  [jvm.dll+0x6e931e]
V  [jvm.dll+0x3c1c43]
V  [jvm.dll+0x3c3e81]
C  [jli.dll+0x5373]
C  [ucrtbase.dll+0x21bb2]
C  [KERNEL32.DLL+0x17034]
C  [ntdll.dll+0x52651]


---------------  P R O C E S S  ---------------

Threads class SMR info:
_java_thread_list=0x0000015b7ddc5c70, length=0, elements={
}

Java Threads: ( => current thread )

Other Threads:
  0x0000015b00036800 GCTaskThread "GC Thread#0" [stack: 0x0000002b85900000,0x0000002b85a00000] [id=6488]
  0x0000015b00068000 ConcurrentGCThread "G1 Main Marker" [stack: 0x0000002b85a00000,0x0000002b85b00000] [id=4240]
  0x0000015b0006a800 ConcurrentGCThread "G1 Conc#0" [stack: 0x0000002b85b00000,0x0000002b85c00000] [id=10996]

[error occurred during error reporting (printing all threads), id 0xc0000005, EXCEPTION_ACCESS_VIOLATION (0xc0000005) at pc=0x00007ffdf3ea9c47]

VM state:not at safepoint (not fully initialized)

VM Mutex/Monitor currently owned by a thread:  ([mutex/lock_event])
[0x0000015b0001a4a0] Heap_lock - owner thread: 0x0000015b0001e000

Heap address: 0x0000000081c00000, size: 2020 MB, Compressed Oops mode: Non-zero based: 0x0000000081c00000
Narrow klass base: 0x0000000000000000, Narrow klass shift: 0

GC Heap History (0 events):
No events

Deoptimization events (0 events):
No events

Classes redefined (0 events):
No events

Internal exceptions (0 events):
No events

Events (1 events):
Event: 0.023 Loaded shared library C:\Program Files\Android\Android Studio\jre\bin\zip.dll


Dynamic libraries:
0x00007ff665300000 - 0x00007ff66530a000 	C:\Program Files\Android\Android Studio\jre\bin\java.exe
0x00007ffe5da90000 - 0x00007ffe5dc85000 	C:\WINDOWS\SYSTEM32\ntdll.dll
0x00007ffe5cdc0000 - 0x00007ffe5ce7d000 	C:\WINDOWS\System32\KERNEL32.DLL
0x00007ffe5b670000 - 0x00007ffe5b93d000 	C:\WINDOWS\System32\KERNELBASE.dll
0x00007ffe5b1a0000 - 0x00007ffe5b2a0000 	C:\WINDOWS\System32\ucrtbase.dll
0x00007ffe519e0000 - 0x00007ffe519f9000 	C:\Program Files\Android\Android Studio\jre\bin\jli.dll
0x00007ffe52bf0000 - 0x00007ffe52c07000 	C:\Program Files\Android\Android Studio\jre\bin\VCRUNTIME140.dll
0x00007ffe5c480000 - 0x00007ffe5c620000 	C:\WINDOWS\System32\USER32.dll
0x00007ffe5b490000 - 0x00007ffe5b4b2000 	C:\WINDOWS\System32\win32u.dll
0x00007ffe5c620000 - 0x00007ffe5c64a000 	C:\WINDOWS\System32\GDI32.dll
0x00007ffe5b940000 - 0x00007ffe5ba4b000 	C:\WINDOWS\System32\gdi32full.dll
0x00007ffe5b2a0000 - 0x00007ffe5b33d000 	C:\WINDOWS\System32\msvcp_win.dll
0x00007ffe45ee0000 - 0x00007ffe4617a000 	C:\WINDOWS\WinSxS\amd64_microsoft.windows.common-controls_6595b64144ccf1df_6.0.19041.1110_none_60b5254171f9507e\COMCTL32.dll
0x00007ffe5d640000 - 0x00007ffe5d6de000 	C:\WINDOWS\System32\msvcrt.dll
0x00007ffe5c7f0000 - 0x00007ffe5c820000 	C:\WINDOWS\System32\IMM32.DLL
0x00007ffe31c40000 - 0x00007ffe31cdd000 	C:\Program Files\Android\Android Studio\jre\bin\msvcp140.dll
0x00007ffdf3bc0000 - 0x00007ffdf4695000 	C:\Program Files\Android\Android Studio\jre\bin\server\jvm.dll
0x00007ffe5bd70000 - 0x00007ffe5be1e000 	C:\WINDOWS\System32\ADVAPI32.dll
0x00007ffe5d890000 - 0x00007ffe5d92c000 	C:\WINDOWS\System32\sechost.dll
0x00007ffe5cc30000 - 0x00007ffe5cd55000 	C:\WINDOWS\System32\RPCRT4.dll
0x00007ffe5c650000 - 0x00007ffe5c658000 	C:\WINDOWS\System32\PSAPI.DLL
0x00007ffe44240000 - 0x00007ffe44249000 	C:\WINDOWS\SYSTEM32\WSOCK32.dll
0x00007ffe5d5d0000 - 0x00007ffe5d63b000 	C:\WINDOWS\System32\WS2_32.dll
0x00007ffe5ac80000 - 0x00007ffe5ac8a000 	C:\WINDOWS\SYSTEM32\VERSION.dll
0x00007ffe46940000 - 0x00007ffe46967000 	C:\WINDOWS\SYSTEM32\WINMM.dll
0x00007ffe59980000 - 0x00007ffe59992000 	C:\WINDOWS\SYSTEM32\kernel.appcore.dll
0x00007ffe52cd0000 - 0x00007ffe52ce1000 	C:\Program Files\Android\Android Studio\jre\bin\verify.dll
0x00007ffe57f30000 - 0x00007ffe58114000 	C:\WINDOWS\SYSTEM32\DBGHELP.DLL
0x00007ffe47950000 - 0x00007ffe4797c000 	C:\WINDOWS\SYSTEM32\dbgcore.DLL
0x00007ffe5ba50000 - 0x00007ffe5bad2000 	C:\WINDOWS\System32\bcryptPrimitives.dll
0x00007ffe52c20000 - 0x00007ffe52c49000 	C:\Program Files\Android\Android Studio\jre\bin\java.dll
0x00007ffe52c10000 - 0x00007ffe52c1b000 	C:\Program Files\Android\Android Studio\jre\bin\jimage.dll
0x00007ffe47750000 - 0x00007ffe47768000 	C:\Program Files\Android\Android Studio\jre\bin\zip.dll

dbghelp: loaded successfully - version: 4.0.5 - missing functions: none
symbol engine: initialized successfully - sym options: 0x614 - pdb path: .;C:\Program Files\Android\Android Studio\jre\bin;C:\WINDOWS\SYSTEM32;C:\WINDOWS\WinSxS\amd64_microsoft.windows.common-controls_6595b64144ccf1df_6.0.19041.1110_none_60b5254171f9507e;C:\Program Files\Android\Android Studio\jre\bin\server

VM Arguments:
java_command: org.jetbrains.git4idea.http.GitAskPassApp Username for 'https://github.com': 
java_class_path (initial): C:/Program Files/Android/Android Studio/plugins/git4idea/lib/git4idea-rt.jar;C:/Program Files/Android/Android Studio/lib/xmlrpc-2.0.1.jar;C:/Program Files/Android/Android Studio/lib/commons-codec-1.15.jar
Launcher Type: SUN_STANDARD

[Global flags]
     intx CICompilerCount                          = 3                                         {product} {ergonomic}
     uint ConcGCThreads                            = 1                                         {product} {ergonomic}
     uint G1ConcRefinementThreads                  = 4                                         {product} {ergonomic}
   size_t G1HeapRegionSize                         = 1048576                                   {product} {ergonomic}
    uintx GCDrainStackTargetSize                   = 64                                        {product} {ergonomic}
   size_t InitialHeapSize                          = 134217728                                 {product} {ergonomic}
   size_t MarkStackSize                            = 4194304                                   {product} {ergonomic}
   size_t MaxHeapSize                              = 2118123520                                {product} {ergonomic}
   size_t MinHeapDeltaBytes                        = 1048576                                   {product} {ergonomic}
    uintx NonNMethodCodeHeapSize                   = 5830732                                {pd product} {ergonomic}
    uintx NonProfiledCodeHeapSize                  = 122913754                              {pd product} {ergonomic}
    uintx ProfiledCodeHeapSize                     = 122913754                              {pd product} {ergonomic}
    uintx ReservedCodeCacheSize                    = 251658240                              {pd product} {ergonomic}
     bool SegmentedCodeCache                       = true                                      {product} {ergonomic}
     bool UseCompressedClassPointers               = true                                 {lp64_product} {ergonomic}
     bool UseCompressedOops                        = true                                 {lp64_product} {ergonomic}
     bool UseG1GC                                  = true                                      {product} {ergonomic}
     bool UseLargePagesIndividualAllocation        = false                                  {pd product} {ergonomic}

Logging:
Log output configuration:
 #0: stdout all=warning uptime,level,tags
 #1: stderr all=off uptime,level,tags

Environment Variables:
JAVA_HOME=C:\Program Files\Java\jdk-17.0.2
PATH=C:/Program Files/Git/mingw64/libexec/git-core;C:/Program Files/Git/mingw64/libexec/git-core;C:/Program Files/Git/mingw64/libexec/git-core;C:\Program Files\Git\mingw64\libexec\git-core;C:\Program Files\Git\mingw64\bin;C:\Program Files\Git\usr\bin;C:\Users\79221\bin;C:\Program Files\Microsoft MPI\Bin;C:\Program Files\Common Files\Oracle\Java\javapath;C:\WINDOWS\system32;C:\WINDOWS;C:\WINDOWS\System32\Wbem;C:\WINDOWS\System32\WindowsPowerShell\v1.0;C:\Program Files\Intel\WiFi\bin;C:\Program Files\Common Files\Intel\WirelessCommon;C:\WINDOWS\System32\OpenSSH;C:\Program Files\Microsoft SQL Server\Client SDK\ODBC\170\Tools\Binn;C:\Program Files (x86)\Intel\Intel(R) Management Engine Components\DAL;C:\Program Files\Intel\Intel(R) Management Engine Components\DAL;C:\Program Files\dotnet;C:\Program Files\Git\cmd;C:\Program Files\nodejs;C:\Program Files (x86)\Microsoft SQL Server\150\Tools\Binn;C:\Program Files\Microsoft SQL Server\150\Tools\Binn;C:\Program Files (x86)\Microsoft SQL Server\150\DTS\Binn;C:\Program Files\Microsoft SQL Server\150\DTS\Binn;C:\Program Files\Java\jdk-17.0.2\bin;C:\Program Files\Microsoft SQL Server\110\Tools\Binn;C:\Program Files\Microsoft SQL Server\Client SDK\ODBC\130\Tools\Binn;C:\Program Files (x86)\Microsoft SQL Server\140\Tools\Binn;C:\Program Files\Microsoft SQL Server\140\Tools\Binn;C:\Program Files\Microsoft SQL Server\140\DTS\Binn;C:\Program Files\Azure Data Studio\bin;C:\Program Files (x86)\dotnet;C:\Program Files\Oracle\VirtualBox;C:\Program Files\Azure Data Studio\bin;C:\Users\79221\AppData\Local\Programs\Python\Python38-32\Scripts;C:\Users\79221\AppData\Local\Programs\Python\Python38;C:\Users\79221\AppData\Local\Programs\Python\Python38\Scripts;C:\Users\79221\AppData\Local\Programs\Python\Python38-32
USERNAME=79221
DISPLAY=:0.0
LC_ALL=en_US.UTF-8
OS=Windows_NT
PROCESSOR_IDENTIFIER=Intel64 Family 6 Model 142 Stepping 9, GenuineIntel



---------------  S Y S T E M  ---------------

OS: Windows 10 , 64 bit Build 19041 (10.0.19041.1706)
OS uptime: 1 days 2:45 hours
Hyper-V role detected

CPU:total 4 (initial active 4) (2 cores per cpu, 2 threads per core) family 6 model 142 stepping 9 microcode 0xde, cmov, cx8, fxsr, mmx, sse, sse2, sse3, ssse3, sse4.1, sse4.2, popcnt, avx, avx2, aes, clmul, erms, 3dnowpref, lzcnt, ht, tsc, tscinvbit, bmi1, bmi2, adx, fma

Memory: 4k page, system-wide physical 8077M (358M free)
TotalPageFile size 19369M (AvailPageFile size 127M)
current process WorkingSet (physical memory assigned to process): 9M, peak: 9M
current process commit charge ("private bytes"): 51M, peak: 179M

vm_info: OpenJDK 64-Bit Server VM (11.0.11+9-b60-7590822) for windows-amd64 JRE (11.0.11+9-b60-7590822), built on Jul 29 2021 21:43:44 by "builder" with MS VC++ 14.0 (VS2015)

END.
