#
# There is insufficient memory for the Java Runtime Environment to continue.
# Native memory allocation (malloc) failed to allocate 36416 bytes for Chunk::new
# Possible reasons:
#   The system is out of physical RAM or swap space
#   The process is running with CompressedOops enabled, and the Java Heap may be blocking the growth of the native heap
# Possible solutions:
#   Reduce memory load on the system
#   Increase physical memory or swap space
#   Check if swap backing store is full
#   Decrease Java heap size (-Xmx/-Xms)
#   Decrease number of Java threads
#   Decrease Java thread stack sizes (-Xss)
#   Set larger code cache with -XX:ReservedCodeCacheSize=
#   JVM is running with Unscaled Compressed Oops mode in which the Java heap is
#     placed in the first 4GB address space. The Java Heap base address is the
#     maximum limit for the native heap growth. Please use -XX:HeapBaseMinAddress
#     to set the Java Heap base and to place the Java Heap above 4GB virtual address.
# This output file may be truncated or incomplete.
#
#  Out of Memory Error (./src/hotspot/share/memory/arena.cpp:197), pid=17972, tid=16716
#
# JRE version: OpenJDK Runtime Environment (11.0.11+9) (build 11.0.11+9-b60-7590822)
# Java VM: OpenJDK 64-Bit Server VM (11.0.11+9-b60-7590822, mixed mode, tiered, compressed oops, g1 gc, windows-amd64)
# No core dump will be written. Minidumps are not enabled by default on client versions of Windows
#

---------------  S U M M A R Y ------------

Command Line: org.jetbrains.git4idea.http.GitAskPassApp Username for 'https://github.com': 

Host: Intel(R) Core(TM) i5-7200U CPU @ 2.50GHz, 4 cores, 7G,  Windows 10 , 64 bit Build 19041 (10.0.19041.1706)
Time: Sun May 22 17:48:09 2022 Central European Daylight Time elapsed time: 0.240056 seconds (0d 0h 0m 0s)

---------------  T H R E A D  ---------------

Current thread (0x0000025d41500000):  JavaThread "C2 CompilerThread0" daemon [_thread_in_native, id=16716, stack(0x0000007264700000,0x0000007264800000)]


Current CompileTask:
C2:    240   74       4       java.lang.String::hashCode (49 bytes)

Stack: [0x0000007264700000,0x0000007264800000]
Native frames: (J=compiled Java code, j=interpreted, Vv=VM code, C=native code)
V  [jvm.dll+0x5f214a]
V  [jvm.dll+0x726fb5]
V  [jvm.dll+0x7285cd]
V  [jvm.dll+0x728c83]
V  [jvm.dll+0x243278]
V  [jvm.dll+0xbc53c]
V  [jvm.dll+0xbca3c]
V  [jvm.dll+0x2b5c34]
V  [jvm.dll+0x508488]
V  [jvm.dll+0x1fd92d]
V  [jvm.dll+0x1fb35f]
V  [jvm.dll+0x183d6c]
V  [jvm.dll+0x209a57]
V  [jvm.dll+0x2082a1]
V  [jvm.dll+0x6ef58f]
V  [jvm.dll+0x6e80b5]
V  [jvm.dll+0x5f1036]
C  [ucrtbase.dll+0x21bb2]
C  [KERNEL32.DLL+0x17034]
C  [ntdll.dll+0x52651]


---------------  P R O C E S S  ---------------

Threads class SMR info:
_java_thread_list=0x0000025d414f5940, length=9, elements={
0x0000025d279cf800, 0x0000025d414da800, 0x0000025d414dc800, 0x0000025d414f7000,
0x0000025d414f9000, 0x0000025d414fc800, 0x0000025d41500000, 0x0000025d41502800,
0x0000025d4151a000
}

Java Threads: ( => current thread )
  0x0000025d279cf800 JavaThread "main" [_thread_in_vm, id=6432, stack(0x0000007263b00000,0x0000007263c00000)]
  0x0000025d414da800 JavaThread "Reference Handler" daemon [_thread_blocked, id=11844, stack(0x0000007264200000,0x0000007264300000)]
  0x0000025d414dc800 JavaThread "Finalizer" daemon [_thread_blocked, id=17648, stack(0x0000007264300000,0x0000007264400000)]
  0x0000025d414f7000 JavaThread "Signal Dispatcher" daemon [_thread_blocked, id=16340, stack(0x0000007264400000,0x0000007264500000)]
  0x0000025d414f9000 JavaThread "Attach Listener" daemon [_thread_blocked, id=17604, stack(0x0000007264500000,0x0000007264600000)]
  0x0000025d414fc800 JavaThread "Service Thread" daemon [_thread_blocked, id=15348, stack(0x0000007264600000,0x0000007264700000)]
=>0x0000025d41500000 JavaThread "C2 CompilerThread0" daemon [_thread_in_native, id=16716, stack(0x0000007264700000,0x0000007264800000)]
  0x0000025d41502800 JavaThread "C1 CompilerThread0" daemon [_thread_blocked, id=9540, stack(0x0000007264800000,0x0000007264900000)]
  0x0000025d4151a000 JavaThread "Sweeper thread" daemon [_thread_blocked, id=2900, stack(0x0000007264900000,0x0000007264a00000)]

Other Threads:
  0x0000025d414b5000 VMThread "VM Thread" [stack: 0x0000007264100000,0x0000007264200000] [id=8400]
  0x0000025d279e7800 GCTaskThread "GC Thread#0" [stack: 0x0000007263c00000,0x0000007263d00000] [id=18120]
  0x0000025d27a17000 ConcurrentGCThread "G1 Main Marker" [stack: 0x0000007263d00000,0x0000007263e00000] [id=9308]
  0x0000025d27a1a800 ConcurrentGCThread "G1 Conc#0" [stack: 0x0000007263e00000,0x0000007263f00000] [id=16660]
  0x0000025d27aa9000 ConcurrentGCThread "G1 Refine#0" [stack: 0x0000007263f00000,0x0000007264000000] [id=15268]
  0x0000025d27aaa000 ConcurrentGCThread "G1 Young RemSet Sampling" [stack: 0x0000007264000000,0x0000007264100000] [id=18348]

Threads with active compile tasks:
C2 CompilerThread0    267   74       4       java.lang.String::hashCode (49 bytes)

VM state:not at safepoint (normal execution)

VM Mutex/Monitor currently owned by a thread: None

Heap address: 0x0000000081c00000, size: 2020 MB, Compressed Oops mode: 32-bit
Narrow klass base: 0x0000000000000000, Narrow klass shift: 3
Compressed class space size: 1073741824 Address: 0x0000000100000000

Heap:
 garbage-first heap   total 131072K, used 1024K [0x0000000081c00000, 0x0000000100000000)
  region size 1024K, 2 young (2048K), 0 survivors (0K)
 Metaspace       used 3278K, capacity 3400K, committed 3456K, reserved 1060864K
  class space    used 281K, capacity 384K, committed 384K, reserved 1048576K
Heap Regions: E=young(eden), S=young(survivor), O=old, HS=humongous(starts), HC=humongous(continues), CS=collection set, F=free, A=archive, TAMS=top-at-mark-start (previous, next)
|   0|0x0000000081c00000, 0x0000000081c00000, 0x0000000081d00000|  0%| F|  |TAMS 0x0000000081c00000, 0x0000000081c00000| Untracked 
|   1|0x0000000081d00000, 0x0000000081d00000, 0x0000000081e00000|  0%| F|  |TAMS 0x0000000081d00000, 0x0000000081d00000| Untracked 
|   2|0x0000000081e00000, 0x0000000081e00000, 0x0000000081f00000|  0%| F|  |TAMS 0x0000000081e00000, 0x0000000081e00000| Untracked 
|   3|0x0000000081f00000, 0x0000000081f00000, 0x0000000082000000|  0%| F|  |TAMS 0x0000000081f00000, 0x0000000081f00000| Untracked 
|   4|0x0000000082000000, 0x0000000082000000, 0x0000000082100000|  0%| F|  |TAMS 0x0000000082000000, 0x0000000082000000| Untracked 
|   5|0x0000000082100000, 0x0000000082100000, 0x0000000082200000|  0%| F|  |TAMS 0x0000000082100000, 0x0000000082100000| Untracked 
|   6|0x0000000082200000, 0x0000000082200000, 0x0000000082300000|  0%| F|  |TAMS 0x0000000082200000, 0x0000000082200000| Untracked 
|   7|0x0000000082300000, 0x0000000082300000, 0x0000000082400000|  0%| F|  |TAMS 0x0000000082300000, 0x0000000082300000| Untracked 
|   8|0x0000000082400000, 0x0000000082400000, 0x0000000082500000|  0%| F|  |TAMS 0x0000000082400000, 0x0000000082400000| Untracked 
|   9|0x0000000082500000, 0x0000000082500000, 0x0000000082600000|  0%| F|  |TAMS 0x0000000082500000, 0x0000000082500000| Untracked 
|  10|0x0000000082600000, 0x0000000082600000, 0x0000000082700000|  0%| F|  |TAMS 0x0000000082600000, 0x0000000082600000| Untracked 
|  11|0x0000000082700000, 0x0000000082700000, 0x0000000082800000|  0%| F|  |TAMS 0x0000000082700000, 0x0000000082700000| Untracked 
|  12|0x0000000082800000, 0x0000000082800000, 0x0000000082900000|  0%| F|  |TAMS 0x0000000082800000, 0x0000000082800000| Untracked 
|  13|0x0000000082900000, 0x0000000082900000, 0x0000000082a00000|  0%| F|  |TAMS 0x0000000082900000, 0x0000000082900000| Untracked 
|  14|0x0000000082a00000, 0x0000000082a00000, 0x0000000082b00000|  0%| F|  |TAMS 0x0000000082a00000, 0x0000000082a00000| Untracked 
|  15|0x0000000082b00000, 0x0000000082b00000, 0x0000000082c00000|  0%| F|  |TAMS 0x0000000082b00000, 0x0000000082b00000| Untracked 
|  16|0x0000000082c00000, 0x0000000082c00000, 0x0000000082d00000|  0%| F|  |TAMS 0x0000000082c00000, 0x0000000082c00000| Untracked 
|  17|0x0000000082d00000, 0x0000000082d00000, 0x0000000082e00000|  0%| F|  |TAMS 0x0000000082d00000, 0x0000000082d00000| Untracked 
|  18|0x0000000082e00000, 0x0000000082e00000, 0x0000000082f00000|  0%| F|  |TAMS 0x0000000082e00000, 0x0000000082e00000| Untracked 
|  19|0x0000000082f00000, 0x0000000082f00000, 0x0000000083000000|  0%| F|  |TAMS 0x0000000082f00000, 0x0000000082f00000| Untracked 
|  20|0x0000000083000000, 0x0000000083000000, 0x0000000083100000|  0%| F|  |TAMS 0x0000000083000000, 0x0000000083000000| Untracked 
|  21|0x0000000083100000, 0x0000000083100000, 0x0000000083200000|  0%| F|  |TAMS 0x0000000083100000, 0x0000000083100000| Untracked 
|  22|0x0000000083200000, 0x0000000083200000, 0x0000000083300000|  0%| F|  |TAMS 0x0000000083200000, 0x0000000083200000| Untracked 
|  23|0x0000000083300000, 0x0000000083300000, 0x0000000083400000|  0%| F|  |TAMS 0x0000000083300000, 0x0000000083300000| Untracked 
|  24|0x0000000083400000, 0x0000000083400000, 0x0000000083500000|  0%| F|  |TAMS 0x0000000083400000, 0x0000000083400000| Untracked 
|  25|0x0000000083500000, 0x0000000083500000, 0x0000000083600000|  0%| F|  |TAMS 0x0000000083500000, 0x0000000083500000| Untracked 
|  26|0x0000000083600000, 0x0000000083600000, 0x0000000083700000|  0%| F|  |TAMS 0x0000000083600000, 0x0000000083600000| Untracked 
|  27|0x0000000083700000, 0x0000000083700000, 0x0000000083800000|  0%| F|  |TAMS 0x0000000083700000, 0x0000000083700000| Untracked 
|  28|0x0000000083800000, 0x0000000083800000, 0x0000000083900000|  0%| F|  |TAMS 0x0000000083800000, 0x0000000083800000| Untracked 
|  29|0x0000000083900000, 0x0000000083900000, 0x0000000083a00000|  0%| F|  |TAMS 0x0000000083900000, 0x0000000083900000| Untracked 
|  30|0x0000000083a00000, 0x0000000083a00000, 0x0000000083b00000|  0%| F|  |TAMS 0x0000000083a00000, 0x0000000083a00000| Untracked 
|  31|0x0000000083b00000, 0x0000000083b00000, 0x0000000083c00000|  0%| F|  |TAMS 0x0000000083b00000, 0x0000000083b00000| Untracked 
|  32|0x0000000083c00000, 0x0000000083c00000, 0x0000000083d00000|  0%| F|  |TAMS 0x0000000083c00000, 0x0000000083c00000| Untracked 
|  33|0x0000000083d00000, 0x0000000083d00000, 0x0000000083e00000|  0%| F|  |TAMS 0x0000000083d00000, 0x0000000083d00000| Untracked 
|  34|0x0000000083e00000, 0x0000000083e00000, 0x0000000083f00000|  0%| F|  |TAMS 0x0000000083e00000, 0x0000000083e00000| Untracked 
|  35|0x0000000083f00000, 0x0000000083f00000, 0x0000000084000000|  0%| F|  |TAMS 0x0000000083f00000, 0x0000000083f00000| Untracked 
|  36|0x0000000084000000, 0x0000000084000000, 0x0000000084100000|  0%| F|  |TAMS 0x0000000084000000, 0x0000000084000000| Untracked 
|  37|0x0000000084100000, 0x0000000084100000, 0x0000000084200000|  0%| F|  |TAMS 0x0000000084100000, 0x0000000084100000| Untracked 
|  38|0x0000000084200000, 0x0000000084200000, 0x0000000084300000|  0%| F|  |TAMS 0x0000000084200000, 0x0000000084200000| Untracked 
|  39|0x0000000084300000, 0x0000000084300000, 0x0000000084400000|  0%| F|  |TAMS 0x0000000084300000, 0x0000000084300000| Untracked 
|  40|0x0000000084400000, 0x0000000084400000, 0x0000000084500000|  0%| F|  |TAMS 0x0000000084400000, 0x0000000084400000| Untracked 
|  41|0x0000000084500000, 0x0000000084500000, 0x0000000084600000|  0%| F|  |TAMS 0x0000000084500000, 0x0000000084500000| Untracked 
|  42|0x0000000084600000, 0x0000000084600000, 0x0000000084700000|  0%| F|  |TAMS 0x0000000084600000, 0x0000000084600000| Untracked 
|  43|0x0000000084700000, 0x0000000084700000, 0x0000000084800000|  0%| F|  |TAMS 0x0000000084700000, 0x0000000084700000| Untracked 
|  44|0x0000000084800000, 0x0000000084800000, 0x0000000084900000|  0%| F|  |TAMS 0x0000000084800000, 0x0000000084800000| Untracked 
|  45|0x0000000084900000, 0x0000000084900000, 0x0000000084a00000|  0%| F|  |TAMS 0x0000000084900000, 0x0000000084900000| Untracked 
|  46|0x0000000084a00000, 0x0000000084a00000, 0x0000000084b00000|  0%| F|  |TAMS 0x0000000084a00000, 0x0000000084a00000| Untracked 
|  47|0x0000000084b00000, 0x0000000084b00000, 0x0000000084c00000|  0%| F|  |TAMS 0x0000000084b00000, 0x0000000084b00000| Untracked 
|  48|0x0000000084c00000, 0x0000000084c00000, 0x0000000084d00000|  0%| F|  |TAMS 0x0000000084c00000, 0x0000000084c00000| Untracked 
|  49|0x0000000084d00000, 0x0000000084d00000, 0x0000000084e00000|  0%| F|  |TAMS 0x0000000084d00000, 0x0000000084d00000| Untracked 
|  50|0x0000000084e00000, 0x0000000084e00000, 0x0000000084f00000|  0%| F|  |TAMS 0x0000000084e00000, 0x0000000084e00000| Untracked 
|  51|0x0000000084f00000, 0x0000000084f00000, 0x0000000085000000|  0%| F|  |TAMS 0x0000000084f00000, 0x0000000084f00000| Untracked 
|  52|0x0000000085000000, 0x0000000085000000, 0x0000000085100000|  0%| F|  |TAMS 0x0000000085000000, 0x0000000085000000| Untracked 
|  53|0x0000000085100000, 0x0000000085100000, 0x0000000085200000|  0%| F|  |TAMS 0x0000000085100000, 0x0000000085100000| Untracked 
|  54|0x0000000085200000, 0x0000000085200000, 0x0000000085300000|  0%| F|  |TAMS 0x0000000085200000, 0x0000000085200000| Untracked 
|  55|0x0000000085300000, 0x0000000085300000, 0x0000000085400000|  0%| F|  |TAMS 0x0000000085300000, 0x0000000085300000| Untracked 
|  56|0x0000000085400000, 0x0000000085400000, 0x0000000085500000|  0%| F|  |TAMS 0x0000000085400000, 0x0000000085400000| Untracked 
|  57|0x0000000085500000, 0x0000000085500000, 0x0000000085600000|  0%| F|  |TAMS 0x0000000085500000, 0x0000000085500000| Untracked 
|  58|0x0000000085600000, 0x0000000085600000, 0x0000000085700000|  0%| F|  |TAMS 0x0000000085600000, 0x0000000085600000| Untracked 
|  59|0x0000000085700000, 0x0000000085700000, 0x0000000085800000|  0%| F|  |TAMS 0x0000000085700000, 0x0000000085700000| Untracked 
|  60|0x0000000085800000, 0x0000000085800000, 0x0000000085900000|  0%| F|  |TAMS 0x0000000085800000, 0x0000000085800000| Untracked 
|  61|0x0000000085900000, 0x0000000085900000, 0x0000000085a00000|  0%| F|  |TAMS 0x0000000085900000, 0x0000000085900000| Untracked 
|  62|0x0000000085a00000, 0x0000000085a00000, 0x0000000085b00000|  0%| F|  |TAMS 0x0000000085a00000, 0x0000000085a00000| Untracked 
|  63|0x0000000085b00000, 0x0000000085b00000, 0x0000000085c00000|  0%| F|  |TAMS 0x0000000085b00000, 0x0000000085b00000| Untracked 
|  64|0x0000000085c00000, 0x0000000085c00000, 0x0000000085d00000|  0%| F|  |TAMS 0x0000000085c00000, 0x0000000085c00000| Untracked 
|  65|0x0000000085d00000, 0x0000000085d00000, 0x0000000085e00000|  0%| F|  |TAMS 0x0000000085d00000, 0x0000000085d00000| Untracked 
|  66|0x0000000085e00000, 0x0000000085e00000, 0x0000000085f00000|  0%| F|  |TAMS 0x0000000085e00000, 0x0000000085e00000| Untracked 
|  67|0x0000000085f00000, 0x0000000085f00000, 0x0000000086000000|  0%| F|  |TAMS 0x0000000085f00000, 0x0000000085f00000| Untracked 
|  68|0x0000000086000000, 0x0000000086000000, 0x0000000086100000|  0%| F|  |TAMS 0x0000000086000000, 0x0000000086000000| Untracked 
|  69|0x0000000086100000, 0x0000000086100000, 0x0000000086200000|  0%| F|  |TAMS 0x0000000086100000, 0x0000000086100000| Untracked 
|  70|0x0000000086200000, 0x0000000086200000, 0x0000000086300000|  0%| F|  |TAMS 0x0000000086200000, 0x0000000086200000| Untracked 
|  71|0x0000000086300000, 0x0000000086300000, 0x0000000086400000|  0%| F|  |TAMS 0x0000000086300000, 0x0000000086300000| Untracked 
|  72|0x0000000086400000, 0x0000000086400000, 0x0000000086500000|  0%| F|  |TAMS 0x0000000086400000, 0x0000000086400000| Untracked 
|  73|0x0000000086500000, 0x0000000086500000, 0x0000000086600000|  0%| F|  |TAMS 0x0000000086500000, 0x0000000086500000| Untracked 
|  74|0x0000000086600000, 0x0000000086600000, 0x0000000086700000|  0%| F|  |TAMS 0x0000000086600000, 0x0000000086600000| Untracked 
|  75|0x0000000086700000, 0x0000000086700000, 0x0000000086800000|  0%| F|  |TAMS 0x0000000086700000, 0x0000000086700000| Untracked 
|  76|0x0000000086800000, 0x0000000086800000, 0x0000000086900000|  0%| F|  |TAMS 0x0000000086800000, 0x0000000086800000| Untracked 
|  77|0x0000000086900000, 0x0000000086900000, 0x0000000086a00000|  0%| F|  |TAMS 0x0000000086900000, 0x0000000086900000| Untracked 
|  78|0x0000000086a00000, 0x0000000086a00000, 0x0000000086b00000|  0%| F|  |TAMS 0x0000000086a00000, 0x0000000086a00000| Untracked 
|  79|0x0000000086b00000, 0x0000000086b00000, 0x0000000086c00000|  0%| F|  |TAMS 0x0000000086b00000, 0x0000000086b00000| Untracked 
|  80|0x0000000086c00000, 0x0000000086c00000, 0x0000000086d00000|  0%| F|  |TAMS 0x0000000086c00000, 0x0000000086c00000| Untracked 
|  81|0x0000000086d00000, 0x0000000086d00000, 0x0000000086e00000|  0%| F|  |TAMS 0x0000000086d00000, 0x0000000086d00000| Untracked 
|  82|0x0000000086e00000, 0x0000000086e00000, 0x0000000086f00000|  0%| F|  |TAMS 0x0000000086e00000, 0x0000000086e00000| Untracked 
|  83|0x0000000086f00000, 0x0000000086f00000, 0x0000000087000000|  0%| F|  |TAMS 0x0000000086f00000, 0x0000000086f00000| Untracked 
|  84|0x0000000087000000, 0x0000000087000000, 0x0000000087100000|  0%| F|  |TAMS 0x0000000087000000, 0x0000000087000000| Untracked 
|  85|0x0000000087100000, 0x0000000087100000, 0x0000000087200000|  0%| F|  |TAMS 0x0000000087100000, 0x0000000087100000| Untracked 
|  86|0x0000000087200000, 0x0000000087200000, 0x0000000087300000|  0%| F|  |TAMS 0x0000000087200000, 0x0000000087200000| Untracked 
|  87|0x0000000087300000, 0x0000000087300000, 0x0000000087400000|  0%| F|  |TAMS 0x0000000087300000, 0x0000000087300000| Untracked 
|  88|0x0000000087400000, 0x0000000087400000, 0x0000000087500000|  0%| F|  |TAMS 0x0000000087400000, 0x0000000087400000| Untracked 
|  89|0x0000000087500000, 0x0000000087500000, 0x0000000087600000|  0%| F|  |TAMS 0x0000000087500000, 0x0000000087500000| Untracked 
|  90|0x0000000087600000, 0x0000000087600000, 0x0000000087700000|  0%| F|  |TAMS 0x0000000087600000, 0x0000000087600000| Untracked 
|  91|0x0000000087700000, 0x0000000087700000, 0x0000000087800000|  0%| F|  |TAMS 0x0000000087700000, 0x0000000087700000| Untracked 
|  92|0x0000000087800000, 0x0000000087800000, 0x0000000087900000|  0%| F|  |TAMS 0x0000000087800000, 0x0000000087800000| Untracked 
|  93|0x0000000087900000, 0x0000000087900000, 0x0000000087a00000|  0%| F|  |TAMS 0x0000000087900000, 0x0000000087900000| Untracked 
|  94|0x0000000087a00000, 0x0000000087a00000, 0x0000000087b00000|  0%| F|  |TAMS 0x0000000087a00000, 0x0000000087a00000| Untracked 
|  95|0x0000000087b00000, 0x0000000087b00000, 0x0000000087c00000|  0%| F|  |TAMS 0x0000000087b00000, 0x0000000087b00000| Untracked 
|  96|0x0000000087c00000, 0x0000000087c00000, 0x0000000087d00000|  0%| F|  |TAMS 0x0000000087c00000, 0x0000000087c00000| Untracked 
|  97|0x0000000087d00000, 0x0000000087d00000, 0x0000000087e00000|  0%| F|  |TAMS 0x0000000087d00000, 0x0000000087d00000| Untracked 
|  98|0x0000000087e00000, 0x0000000087e00000, 0x0000000087f00000|  0%| F|  |TAMS 0x0000000087e00000, 0x0000000087e00000| Untracked 
|  99|0x0000000087f00000, 0x0000000087f00000, 0x0000000088000000|  0%| F|  |TAMS 0x0000000087f00000, 0x0000000087f00000| Untracked 
| 100|0x0000000088000000, 0x0000000088000000, 0x0000000088100000|  0%| F|  |TAMS 0x0000000088000000, 0x0000000088000000| Untracked 
| 101|0x0000000088100000, 0x0000000088100000, 0x0000000088200000|  0%| F|  |TAMS 0x0000000088100000, 0x0000000088100000| Untracked 
| 102|0x0000000088200000, 0x0000000088200000, 0x0000000088300000|  0%| F|  |TAMS 0x0000000088200000, 0x0000000088200000| Untracked 
| 103|0x0000000088300000, 0x0000000088300000, 0x0000000088400000|  0%| F|  |TAMS 0x0000000088300000, 0x0000000088300000| Untracked 
| 104|0x0000000088400000, 0x0000000088400000, 0x0000000088500000|  0%| F|  |TAMS 0x0000000088400000, 0x0000000088400000| Untracked 
| 105|0x0000000088500000, 0x0000000088500000, 0x0000000088600000|  0%| F|  |TAMS 0x0000000088500000, 0x0000000088500000| Untracked 
| 106|0x0000000088600000, 0x0000000088600000, 0x0000000088700000|  0%| F|  |TAMS 0x0000000088600000, 0x0000000088600000| Untracked 
| 107|0x0000000088700000, 0x0000000088700000, 0x0000000088800000|  0%| F|  |TAMS 0x0000000088700000, 0x0000000088700000| Untracked 
| 108|0x0000000088800000, 0x0000000088800000, 0x0000000088900000|  0%| F|  |TAMS 0x0000000088800000, 0x0000000088800000| Untracked 
| 109|0x0000000088900000, 0x0000000088900000, 0x0000000088a00000|  0%| F|  |TAMS 0x0000000088900000, 0x0000000088900000| Untracked 
| 110|0x0000000088a00000, 0x0000000088a00000, 0x0000000088b00000|  0%| F|  |TAMS 0x0000000088a00000, 0x0000000088a00000| Untracked 
| 111|0x0000000088b00000, 0x0000000088b00000, 0x0000000088c00000|  0%| F|  |TAMS 0x0000000088b00000, 0x0000000088b00000| Untracked 
| 112|0x0000000088c00000, 0x0000000088c00000, 0x0000000088d00000|  0%| F|  |TAMS 0x0000000088c00000, 0x0000000088c00000| Untracked 
| 113|0x0000000088d00000, 0x0000000088d00000, 0x0000000088e00000|  0%| F|  |TAMS 0x0000000088d00000, 0x0000000088d00000| Untracked 
| 114|0x0000000088e00000, 0x0000000088e00000, 0x0000000088f00000|  0%| F|  |TAMS 0x0000000088e00000, 0x0000000088e00000| Untracked 
| 115|0x0000000088f00000, 0x0000000088f00000, 0x0000000089000000|  0%| F|  |TAMS 0x0000000088f00000, 0x0000000088f00000| Untracked 
| 116|0x0000000089000000, 0x0000000089000000, 0x0000000089100000|  0%| F|  |TAMS 0x0000000089000000, 0x0000000089000000| Untracked 
| 117|0x0000000089100000, 0x0000000089100000, 0x0000000089200000|  0%| F|  |TAMS 0x0000000089100000, 0x0000000089100000| Untracked 
| 118|0x0000000089200000, 0x0000000089200000, 0x0000000089300000|  0%| F|  |TAMS 0x0000000089200000, 0x0000000089200000| Untracked 
| 119|0x0000000089300000, 0x0000000089300000, 0x0000000089400000|  0%| F|  |TAMS 0x0000000089300000, 0x0000000089300000| Untracked 
| 120|0x0000000089400000, 0x0000000089400000, 0x0000000089500000|  0%| F|  |TAMS 0x0000000089400000, 0x0000000089400000| Untracked 
| 121|0x0000000089500000, 0x0000000089500000, 0x0000000089600000|  0%| F|  |TAMS 0x0000000089500000, 0x0000000089500000| Untracked 
| 122|0x0000000089600000, 0x0000000089600000, 0x0000000089700000|  0%| F|  |TAMS 0x0000000089600000, 0x0000000089600000| Untracked 
| 123|0x0000000089700000, 0x0000000089700000, 0x0000000089800000|  0%| F|  |TAMS 0x0000000089700000, 0x0000000089700000| Untracked 
| 124|0x0000000089800000, 0x0000000089800000, 0x0000000089900000|  0%| F|  |TAMS 0x0000000089800000, 0x0000000089800000| Untracked 
| 125|0x0000000089900000, 0x0000000089900000, 0x0000000089a00000|  0%| F|  |TAMS 0x0000000089900000, 0x0000000089900000| Untracked 
| 126|0x0000000089a00000, 0x0000000089a48330, 0x0000000089b00000| 28%| E|  |TAMS 0x0000000089a00000, 0x0000000089a00000| Complete 
| 127|0x0000000089b00000, 0x0000000089c00000, 0x0000000089c00000|100%| E|CS|TAMS 0x0000000089b00000, 0x0000000089b00000| Complete 

Card table byte_map: [0x0000025d3a8d0000,0x0000025d3acd0000] _byte_map_base: 0x0000025d3a4c2000

Marking Bits (Prev, Next): (CMBitMap*) 0x0000025d27a0e6b8, (CMBitMap*) 0x0000025d27a0e6f0
 Prev Bits: [0x0000025d3b0d0000, 0x0000025d3d060000)
 Next Bits: [0x0000025d3d060000, 0x0000025d3eff0000)

Polling page: 0x0000025d25880000

Metaspace:

Usage:
  Non-class:      2.95 MB capacity,     2.93 MB (>99%) used,    16.49 KB ( <1%) free+waste,     3.06 KB ( <1%) overhead. 
      Class:    384.00 KB capacity,   281.97 KB ( 73%) used,   101.97 KB ( 27%) free+waste,    64 bytes ( <1%) overhead. 
       Both:      3.32 MB capacity,     3.20 MB ( 96%) used,   118.46 KB (  3%) free+waste,     3.13 KB ( <1%) overhead. 

Virtual space:
  Non-class space:       12.00 MB reserved,       3.00 MB ( 25%) committed 
      Class space:        1.00 GB reserved,     384.00 KB ( <1%) committed 
             Both:        1.01 GB reserved,       3.38 MB ( <1%) committed 

Chunk freelists:
   Non-Class:  56.00 KB
       Class:  0 bytes
        Both:  56.00 KB

MaxMetaspaceSize: 17179869184.00 GB
CompressedClassSpaceSize: 1.00 GB

CodeHeap 'non-profiled nmethods': size=120064Kb used=14Kb max_used=14Kb free=120049Kb
 bounds [0x0000025d32f90000, 0x0000025d33200000, 0x0000025d3a4d0000]
CodeHeap 'profiled nmethods': size=120000Kb used=109Kb max_used=109Kb free=119890Kb
 bounds [0x0000025d2ba60000, 0x0000025d2bcd0000, 0x0000025d32f90000]
CodeHeap 'non-nmethods': size=5696Kb used=985Kb max_used=996Kb free=4710Kb
 bounds [0x0000025d2b4d0000, 0x0000025d2b740000, 0x0000025d2ba60000]
 total_blobs=313 nmethods=78 adapters=147
 compilation: enabled
              stopped_count=0, restarted_count=0
 full_count=0

Compilation events (20 events):
Event: 0.233 Thread 0x0000025d41502800   62       1       java.lang.module.ModuleDescriptor::isAutomatic (5 bytes)
Event: 0.233 Thread 0x0000025d41502800 nmethod 62 0x0000025d32f92e10 code [0x0000025d32f92fc0, 0x0000025d32f93078]
Event: 0.234 Thread 0x0000025d41502800   66       3       java.util.ImmutableCollections$Set12::iterator (9 bytes)
Event: 0.234 Thread 0x0000025d41502800 nmethod 66 0x0000025d2ba75d10 code [0x0000025d2ba75ee0, 0x0000025d2ba76218]
Event: 0.234 Thread 0x0000025d41502800   67       3       java.util.ImmutableCollections$Set12$1::<init> (21 bytes)
Event: 0.234 Thread 0x0000025d41502800 nmethod 67 0x0000025d2ba76310 code [0x0000025d2ba764e0, 0x0000025d2ba76758]
Event: 0.235 Thread 0x0000025d41502800   68       3       java.util.Map::entry (10 bytes)
Event: 0.235 Thread 0x0000025d41502800 nmethod 68 0x0000025d2ba76890 code [0x0000025d2ba76aa0, 0x0000025d2ba76ff8]
Event: 0.235 Thread 0x0000025d41502800   69       3       java.util.HashSet::add (20 bytes)
Event: 0.235 Thread 0x0000025d41502800 nmethod 69 0x0000025d2ba77210 code [0x0000025d2ba77400, 0x0000025d2ba77838]
Event: 0.236 Thread 0x0000025d41502800   70       3       java.util.HashMap::<init> (11 bytes)
Event: 0.236 Thread 0x0000025d41502800 nmethod 70 0x0000025d2ba77990 code [0x0000025d2ba77b40, 0x0000025d2ba77cf8]
Event: 0.236 Thread 0x0000025d41500000   71       4       java.util.ImmutableCollections$SetN$SetNIterator::hasNext (13 bytes)
Event: 0.236 Thread 0x0000025d41502800   72       3       java.util.HashMap::resize (356 bytes)
Event: 0.236 Thread 0x0000025d41500000 nmethod 71 0x0000025d32f93110 code [0x0000025d32f932a0, 0x0000025d32f93318]
Event: 0.236 Thread 0x0000025d41500000   74       4       java.lang.String::hashCode (49 bytes)
Event: 0.237 Thread 0x0000025d41502800 nmethod 72 0x0000025d2ba77e10 code [0x0000025d2ba780e0, 0x0000025d2ba79508]
Event: 0.237 Thread 0x0000025d41502800   73       3       jdk.internal.module.ModuleBootstrap$2::hasNext (30 bytes)
Event: 0.237 Thread 0x0000025d41502800 nmethod 73 0x0000025d2ba79990 code [0x0000025d2ba79b60, 0x0000025d2ba79e78]
Event: 0.237 Thread 0x0000025d41502800   75       3       jdk.internal.module.ModuleBootstrap$2::next (52 bytes)

GC Heap History (0 events):
No events

Deoptimization events (0 events):
No events

Classes redefined (0 events):
No events

Internal exceptions (0 events):
No events

Events (20 events):
Event: 0.234 loading class java/util/HashMap$HashIterator done
Event: 0.234 loading class java/util/HashMap$KeyIterator done
Event: 0.234 loading class java/lang/ModuleLayer$Controller
Event: 0.234 loading class java/lang/ModuleLayer$Controller done
Event: 0.235 loading class jdk/internal/module/IllegalAccessLogger$Mode
Event: 0.235 loading class jdk/internal/module/IllegalAccessLogger$Mode done
Event: 0.235 loading class jdk/internal/module/IllegalAccessLogger$Builder
Event: 0.235 loading class jdk/internal/module/IllegalAccessLogger$Builder done
Event: 0.235 loading class java/util/HashMap$Values
Event: 0.235 loading class java/util/HashMap$Values done
Event: 0.235 loading class java/util/HashMap$ValueIterator
Event: 0.235 loading class java/util/HashMap$ValueIterator done
Event: 0.235 loading class jdk/internal/module/ModuleBootstrap$2
Event: 0.235 loading class jdk/internal/module/ModuleBootstrap$2 done
Event: 0.236 loading class java/util/HashMap$EntrySet
Event: 0.236 loading class java/util/HashMap$EntrySet done
Event: 0.236 loading class java/util/HashMap$EntryIterator
Event: 0.236 loading class java/util/HashMap$EntryIterator done
Event: 0.237 loading class jdk/internal/module/IllegalAccessLogger
Event: 0.237 loading class jdk/internal/module/IllegalAccessLogger done


Dynamic libraries:
0x00007ff665300000 - 0x00007ff66530a000 	C:\Program Files\Android\Android Studio\jre\bin\java.exe
0x00007ffe5da90000 - 0x00007ffe5dc85000 	C:\WINDOWS\SYSTEM32\ntdll.dll
0x00007ffe5cdc0000 - 0x00007ffe5ce7d000 	C:\WINDOWS\System32\KERNEL32.DLL
0x00007ffe5b670000 - 0x00007ffe5b93d000 	C:\WINDOWS\System32\KERNELBASE.dll
0x00007ffe5b1a0000 - 0x00007ffe5b2a0000 	C:\WINDOWS\System32\ucrtbase.dll
0x00007ffe519e0000 - 0x00007ffe519f9000 	C:\Program Files\Android\Android Studio\jre\bin\jli.dll
0x00007ffe5c480000 - 0x00007ffe5c620000 	C:\WINDOWS\System32\USER32.dll
0x00007ffe5b490000 - 0x00007ffe5b4b2000 	C:\WINDOWS\System32\win32u.dll
0x00007ffe5c620000 - 0x00007ffe5c64a000 	C:\WINDOWS\System32\GDI32.dll
0x00007ffe5b940000 - 0x00007ffe5ba4b000 	C:\WINDOWS\System32\gdi32full.dll
0x00007ffe5b2a0000 - 0x00007ffe5b33d000 	C:\WINDOWS\System32\msvcp_win.dll
0x00007ffe52bf0000 - 0x00007ffe52c07000 	C:\Program Files\Android\Android Studio\jre\bin\VCRUNTIME140.dll
0x00007ffe45ee0000 - 0x00007ffe4617a000 	C:\WINDOWS\WinSxS\amd64_microsoft.windows.common-controls_6595b64144ccf1df_6.0.19041.1110_none_60b5254171f9507e\COMCTL32.dll
0x00007ffe5d640000 - 0x00007ffe5d6de000 	C:\WINDOWS\System32\msvcrt.dll
0x00007ffe5c7f0000 - 0x00007ffe5c820000 	C:\WINDOWS\System32\IMM32.DLL
0x00007ffe31c40000 - 0x00007ffe31cdd000 	C:\Program Files\Android\Android Studio\jre\bin\msvcp140.dll
0x00007ffdf3bc0000 - 0x00007ffdf4695000 	C:\Program Files\Android\Android Studio\jre\bin\server\jvm.dll
0x00007ffe5bd70000 - 0x00007ffe5be1e000 	C:\WINDOWS\System32\ADVAPI32.dll
0x00007ffe5d890000 - 0x00007ffe5d92c000 	C:\WINDOWS\System32\sechost.dll
0x00007ffe5cc30000 - 0x00007ffe5cd55000 	C:\WINDOWS\System32\RPCRT4.dll
0x00007ffe5c650000 - 0x00007ffe5c658000 	C:\WINDOWS\System32\PSAPI.DLL
0x00007ffe44240000 - 0x00007ffe44249000 	C:\WINDOWS\SYSTEM32\WSOCK32.dll
0x00007ffe5d5d0000 - 0x00007ffe5d63b000 	C:\WINDOWS\System32\WS2_32.dll
0x00007ffe46940000 - 0x00007ffe46967000 	C:\WINDOWS\SYSTEM32\WINMM.dll
0x00007ffe5ac80000 - 0x00007ffe5ac8a000 	C:\WINDOWS\SYSTEM32\VERSION.dll
0x00007ffe59980000 - 0x00007ffe59992000 	C:\WINDOWS\SYSTEM32\kernel.appcore.dll
0x00007ffe52cd0000 - 0x00007ffe52ce1000 	C:\Program Files\Android\Android Studio\jre\bin\verify.dll
0x00007ffe57f30000 - 0x00007ffe58114000 	C:\WINDOWS\SYSTEM32\DBGHELP.DLL
0x00007ffe47950000 - 0x00007ffe4797c000 	C:\WINDOWS\SYSTEM32\dbgcore.DLL
0x00007ffe5ba50000 - 0x00007ffe5bad2000 	C:\WINDOWS\System32\bcryptPrimitives.dll
0x00007ffe52c20000 - 0x00007ffe52c49000 	C:\Program Files\Android\Android Studio\jre\bin\java.dll
0x00007ffe52c10000 - 0x00007ffe52c1b000 	C:\Program Files\Android\Android Studio\jre\bin\jimage.dll
0x00007ffe47750000 - 0x00007ffe47768000 	C:\Program Files\Android\Android Studio\jre\bin\zip.dll
0x00007ffe5ce80000 - 0x00007ffe5d5c4000 	C:\WINDOWS\System32\SHELL32.dll
0x00007ffe58710000 - 0x00007ffe58ea4000 	C:\WINDOWS\SYSTEM32\windows.storage.dll
0x00007ffe5c8d0000 - 0x00007ffe5cc24000 	C:\WINDOWS\System32\combase.dll
0x00007ffe5a9e0000 - 0x00007ffe5aa0c000 	C:\WINDOWS\SYSTEM32\Wldp.dll
0x00007ffe5c740000 - 0x00007ffe5c7ed000 	C:\WINDOWS\System32\SHCORE.dll
0x00007ffe5bae0000 - 0x00007ffe5bb35000 	C:\WINDOWS\System32\shlwapi.dll
0x00007ffe5b0e0000 - 0x00007ffe5b0ff000 	C:\WINDOWS\SYSTEM32\profapi.dll

dbghelp: loaded successfully - version: 4.0.5 - missing functions: none
symbol engine: initialized successfully - sym options: 0x614 - pdb path: .;C:\Program Files\Android\Android Studio\jre\bin;C:\WINDOWS\SYSTEM32;C:\WINDOWS\WinSxS\amd64_microsoft.windows.common-controls_6595b64144ccf1df_6.0.19041.1110_none_60b5254171f9507e;C:\Program Files\Android\Android Studio\jre\bin\server

VM Arguments:
java_command: org.jetbrains.git4idea.http.GitAskPassApp Username for 'https://github.com': 
java_class_path (initial): C:/Program Files/Android/Android Studio/plugins/git4idea/lib/git4idea-rt.jar;C:/Program Files/Android/Android Studio/lib/xmlrpc-2.0.1.jar;C:/Program Files/Android/Android Studio/lib/commons-codec-1.15.jar
Launcher Type: SUN_STANDARD

[Global flags]
     intx CICompilerCount                          = 3                                         {product} {ergonomic}
     uint ConcGCThreads                            = 1                                         {product} {ergonomic}
     uint G1ConcRefinementThreads                  = 4                                         {product} {ergonomic}
   size_t G1HeapRegionSize                         = 1048576                                   {product} {ergonomic}
    uintx GCDrainStackTargetSize                   = 64                                        {product} {ergonomic}
   size_t InitialHeapSize                          = 134217728                                 {product} {ergonomic}
   size_t MarkStackSize                            = 4194304                                   {product} {ergonomic}
   size_t MaxHeapSize                              = 2118123520                                {product} {ergonomic}
   size_t MaxNewSize                               = 1270874112                                {product} {ergonomic}
   size_t MinHeapDeltaBytes                        = 1048576                                   {product} {ergonomic}
    uintx NonNMethodCodeHeapSize                   = 5830732                                {pd product} {ergonomic}
    uintx NonProfiledCodeHeapSize                  = 122913754                              {pd product} {ergonomic}
    uintx ProfiledCodeHeapSize                     = 122913754                              {pd product} {ergonomic}
    uintx ReservedCodeCacheSize                    = 251658240                              {pd product} {ergonomic}
     bool SegmentedCodeCache                       = true                                      {product} {ergonomic}
     bool UseCompressedClassPointers               = true                                 {lp64_product} {ergonomic}
     bool UseCompressedOops                        = true                                 {lp64_product} {ergonomic}
     bool UseG1GC                                  = true                                      {product} {ergonomic}
     bool UseLargePagesIndividualAllocation        = false                                  {pd product} {ergonomic}

Logging:
Log output configuration:
 #0: stdout all=warning uptime,level,tags
 #1: stderr all=off uptime,level,tags

Environment Variables:
JAVA_HOME=C:\Program Files\Java\jdk-17.0.2
PATH=C:/Program Files/Git/mingw64/libexec/git-core;C:/Program Files/Git/mingw64/libexec/git-core;C:\Program Files\Git\mingw64\libexec\git-core;C:\Program Files\Git\mingw64\bin;C:\Program Files\Git\usr\bin;C:\Users\79221\bin;C:\Program Files\Microsoft MPI\Bin;C:\Program Files\Common Files\Oracle\Java\javapath;C:\WINDOWS\system32;C:\WINDOWS;C:\WINDOWS\System32\Wbem;C:\WINDOWS\System32\WindowsPowerShell\v1.0;C:\Program Files\Intel\WiFi\bin;C:\Program Files\Common Files\Intel\WirelessCommon;C:\WINDOWS\System32\OpenSSH;C:\Program Files\Microsoft SQL Server\Client SDK\ODBC\170\Tools\Binn;C:\Program Files (x86)\Intel\Intel(R) Management Engine Components\DAL;C:\Program Files\Intel\Intel(R) Management Engine Components\DAL;C:\Program Files\dotnet;C:\Program Files\Git\cmd;C:\Program Files\nodejs;C:\Program Files (x86)\Microsoft SQL Server\150\Tools\Binn;C:\Program Files\Microsoft SQL Server\150\Tools\Binn;C:\Program Files (x86)\Microsoft SQL Server\150\DTS\Binn;C:\Program Files\Microsoft SQL Server\150\DTS\Binn;C:\Program Files\Java\jdk-17.0.2\bin;C:\Program Files\Microsoft SQL Server\110\Tools\Binn;C:\Program Files\Microsoft SQL Server\Client SDK\ODBC\130\Tools\Binn;C:\Program Files (x86)\Microsoft SQL Server\140\Tools\Binn;C:\Program Files\Microsoft SQL Server\140\Tools\Binn;C:\Program Files\Microsoft SQL Server\140\DTS\Binn;C:\Program Files\Azure Data Studio\bin;C:\Program Files (x86)\dotnet;C:\Program Files\Oracle\VirtualBox;C:\Program Files\Azure Data Studio\bin;C:\Users\79221\AppData\Local\Programs\Python\Python38-32\Scripts;C:\Users\79221\AppData\Local\Programs\Python\Python38;C:\Users\79221\AppData\Local\Programs\Python\Python38\Scripts;C:\Users\79221\AppData\Local\Programs\Python\Python38-32
USERNAME=79221
DISPLAY=:0.0
LC_ALL=en_US.UTF-8
OS=Windows_NT
PROCESSOR_IDENTIFIER=Intel64 Family 6 Model 142 Stepping 9, GenuineIntel



---------------  S Y S T E M  ---------------

OS: Windows 10 , 64 bit Build 19041 (10.0.19041.1706)
OS uptime: 1 days 2:45 hours
Hyper-V role detected

CPU:total 4 (initial active 4) (2 cores per cpu, 2 threads per core) family 6 model 142 stepping 9 microcode 0xde, cmov, cx8, fxsr, mmx, sse, sse2, sse3, ssse3, sse4.1, sse4.2, popcnt, avx, avx2, aes, clmul, erms, 3dnowpref, lzcnt, ht, tsc, tscinvbit, bmi1, bmi2, adx, fma

Memory: 4k page, system-wide physical 8077M (352M free)
TotalPageFile size 19369M (AvailPageFile size 3M)
current process WorkingSet (physical memory assigned to process): 31M, peak: 31M
current process commit charge ("private bytes"): 192M, peak: 192M

vm_info: OpenJDK 64-Bit Server VM (11.0.11+9-b60-7590822) for windows-amd64 JRE (11.0.11+9-b60-7590822), built on Jul 29 2021 21:43:44 by "builder" with MS VC++ 14.0 (VS2015)

END.
